<?xml version="1.0" encoding="UTF-8"?>
<testsuite xmlns:xsi="http://www.w3.org/2001/XMLSchema-instance" xsi:noNamespaceSchemaLocation="https://maven.apache.org/surefire/maven-surefire-plugin/xsd/surefire-test-report.xsd" version="3.0.2" name="com.omrbranch.runner.TestRunner" time="19.846" tests="1" errors="0" skipped="0" failures="0">
  <properties>
[...]
</properties>
  <testcase name="Verify Greens login with valid credentials" classname="Verify OMR Branch Login function" time="13.359">
    <system-out><![CDATA[
Scenario Outline: Verify Greens login with valid credentials # src/test/resources/features/login.feature:11
  Given User is on Greens login page                         # com.omrbranch.stepdefinition.loginStep.user_is_on_greens_login_page()
  When User enters "t.tamil1992@gmail.com" and "1Tamil92!"   # com.omrbranch.stepdefinition.loginStep.user_enters_and(java.lang.String,java.lang.String)
  And User click login button                                # com.omrbranch.stepdefinition.loginStep.user_click_login_button()
  Then User should verify after successful login             # com.omrbranch.stepdefinition.loginStep.user_should_verify_after_successful_login()
]]></system-out>
    <system-err><![CDATA[Jan 28, 2026 10:05:58 AM org.openqa.selenium.devtools.CdpVersionFinder findNearestMatch
WARNING: Unable to find an exact match for CDP version 144, returning the closest version; found: 142; Please update to a Selenium version that supports CDP version 144
]]></system-err>
  </testcase>
</testsuite>